0 info it worked if it ends with ok
1 verbose cli [ 'C:\\Program Files (x86)\\nodejs\\node.exe',
1 verbose cli   'C:\\Program Files (x86)\\nodejs\\node_modules\\npm\\bin\\npm-cli.js',
1 verbose cli   'run',
1 verbose cli   'build',
1 verbose cli   '--',
1 verbose cli   '--outputPath=target/classes/static' ]
2 info using npm@3.10.10
3 info using node@v6.11.4
4 verbose run-script [ 'prebuild', 'build', 'postbuild' ]
5 info lifecycle task-manager-ui@0.0.0~prebuild: task-manager-ui@0.0.0
6 silly lifecycle task-manager-ui@0.0.0~prebuild: no script for prebuild, continuing
7 info lifecycle task-manager-ui@0.0.0~build: task-manager-ui@0.0.0
8 verbose lifecycle task-manager-ui@0.0.0~build: unsafe-perm in lifecycle true
9 verbose lifecycle task-manager-ui@0.0.0~build: PATH: C:\Program Files (x86)\nodejs\node_modules\npm\bin\node-gyp-bin;C:\Users\Admin\576924\task-manager-app\task-manager-ui\node_modules\.bin;C:\ProgramData\Oracle\Java\javapath;C:\Windows\system32;C:\Windows;C:\Windows\System32\Wbem;C:\Windows\System32\WindowsPowerShell\v1.0\;C:\Program Files\Git\cmd;C:\Program Files (x86)\nodejs\;C:\Program Files (x86)\MySQL\MySQL Fabric 1.5 & MySQL Utilities 1.5\;C:\Program Files (x86)\MySQL\MySQL Fabric 1.5 & MySQL Utilities 1.5\Doctrine extensions for PHP\;C:\Users\Admin\AppData\Roaming\npm;C:\Program Files\Microsoft VS Code\bin;C:\java cognizant\apache-maven-3.5.0-bin\apache-maven-3.5.0\bin;
10 verbose lifecycle task-manager-ui@0.0.0~build: CWD: C:\Users\Admin\576924\task-manager-app\task-manager-ui
11 silly lifecycle task-manager-ui@0.0.0~build: Args: [ '/d /s /c', 'ng build "--outputPath=target/classes/static"' ]
12 silly lifecycle task-manager-ui@0.0.0~build: Returned: code: 3  signal: null
13 info lifecycle task-manager-ui@0.0.0~build: Failed to exec build script
14 verbose stack Error: task-manager-ui@0.0.0 build: `ng build "--outputPath=target/classes/static"`
14 verbose stack Exit status 3
14 verbose stack     at EventEmitter.<anonymous> (C:\Program Files (x86)\nodejs\node_modules\npm\lib\utils\lifecycle.js:255:16)
14 verbose stack     at emitTwo (events.js:106:13)
14 verbose stack     at EventEmitter.emit (events.js:191:7)
14 verbose stack     at ChildProcess.<anonymous> (C:\Program Files (x86)\nodejs\node_modules\npm\lib\utils\spawn.js:40:14)
14 verbose stack     at emitTwo (events.js:106:13)
14 verbose stack     at ChildProcess.emit (events.js:191:7)
14 verbose stack     at maybeClose (internal/child_process.js:920:16)
14 verbose stack     at Process.ChildProcess._handle.onexit (internal/child_process.js:230:5)
15 verbose pkgid task-manager-ui@0.0.0
16 verbose cwd C:\Users\Admin\576924\task-manager-app\task-manager-ui
17 error Windows_NT 6.1.7601
18 error argv "C:\\Program Files (x86)\\nodejs\\node.exe" "C:\\Program Files (x86)\\nodejs\\node_modules\\npm\\bin\\npm-cli.js" "run" "build" "--" "--outputPath=target/classes/static"
19 error node v6.11.4
20 error npm  v3.10.10
21 error code ELIFECYCLE
22 error task-manager-ui@0.0.0 build: `ng build "--outputPath=target/classes/static"`
22 error Exit status 3
23 error Failed at the task-manager-ui@0.0.0 build script 'ng build "--outputPath=target/classes/static"'.
23 error Make sure you have the latest version of node.js and npm installed.
23 error If you do, this is most likely a problem with the task-manager-ui package,
23 error not with npm itself.
23 error Tell the author that this fails on your system:
23 error     ng build "--outputPath=target/classes/static"
23 error You can get information on how to open an issue for this project with:
23 error     npm bugs task-manager-ui
23 error Or if that isn't available, you can get their info via:
23 error     npm owner ls task-manager-ui
23 error There is likely additional logging output above.
24 verbose exit [ 1, true ]
